This file contains any messages produced by compilers while
running configure, to aid debugging if configure makes a mistake.

It was created by mariatcl configure 0.1, which was
generated by GNU Autoconf 2.68.  Invocation command line was

  $ ./configure --with-tcl=/opt/HammerDB-4.0/lib --with-tclinclude=/opt/HammerDB-4.0/include --with-mysql-include=/usr/include/mysql --with-mysql-lib=/usr/lib64

## --------- ##
## Platform. ##
## --------- ##

hostname = clx16
uname -m = x86_64
uname -r = 4.18.0-240.10.1.el8_3.x86_64
uname -s = Linux
uname -v = #1 SMP Mon Jan 18 17:05:51 UTC 2021

/usr/bin/uname -p = x86_64
/bin/uname -X     = unknown

/bin/arch              = x86_64
/usr/bin/arch -k       = unknown
/usr/convex/getsysinfo = unknown
/usr/bin/hostinfo      = unknown
/bin/machine           = unknown
/usr/bin/oslevel       = unknown
/bin/universe          = unknown

PATH: /usr/local/sbin
PATH: /usr/local/bin
PATH: /usr/sbin
PATH: /usr/bin
PATH: /root/bin


## ----------- ##
## Core tests. ##
## ----------- ##

configure:2169: checking for correct TEA configuration
configure:2182: result: ok (TEA 3.5)
configure:2314: checking for Tcl configuration
configure:2428: result: found /opt/HammerDB-4.0/lib/tclConfig.sh
configure:2434: checking for existence of /opt/HammerDB-4.0/lib/tclConfig.sh
configure:2438: result: loading
configure:2524: --prefix defaulting to TCL_PREFIX /home/steve/V3TCLSOURCE/LINUXX64/hdbpacklinux_v6/tcl
configure:2536: --exec-prefix defaulting to TCL_EXEC_PREFIX /home/steve/V3TCLSOURCE/LINUXX64/hdbpacklinux_v6/tcl
configure:2568: checking for a BSD-compatible install
configure:2636: result: /usr/bin/install -c
configure:2705: checking for gcc
configure:2721: found /usr/bin/gcc
configure:2732: result: gcc
configure:2961: checking for C compiler version
configure:2970: gcc --version >&5
gcc (GCC) 8.3.1 20191121 (Red Hat 8.3.1-5)
Copyright (C) 2018 Free Software Foundation, Inc.
This is free software; see the source for copying conditions.  There is NO
warranty; not even for MERCHANTABILITY or FITNESS FOR A PARTICULAR PURPOSE.

configure:2981: $? = 0
configure:2970: gcc -v >&5
Using built-in specs.
COLLECT_GCC=gcc
COLLECT_LTO_WRAPPER=/usr/libexec/gcc/x86_64-redhat-linux/8/lto-wrapper
OFFLOAD_TARGET_NAMES=nvptx-none
OFFLOAD_TARGET_DEFAULT=1
Target: x86_64-redhat-linux
Configured with: ../configure --enable-bootstrap --enable-languages=c,c++,fortran,lto --prefix=/usr --mandir=/usr/share/man --infodir=/usr/share/info --with-bugurl=http://bugzilla.redhat.com/bugzilla --enable-shared --enable-threads=posix --enable-checking=release --enable-multilib --with-system-zlib --enable-__cxa_atexit --disable-libunwind-exceptions --enable-gnu-unique-object --enable-linker-build-id --with-gcc-major-version-only --with-linker-hash-style=gnu --enable-plugin --enable-initfini-array --with-isl --disable-libmpx --enable-offload-targets=nvptx-none --without-cuda-driver --enable-gnu-indirect-function --enable-cet --with-tune=generic --with-arch_32=x86-64 --build=x86_64-redhat-linux
Thread model: posix
gcc version 8.3.1 20191121 (Red Hat 8.3.1-5) (GCC) 
configure:2981: $? = 0
configure:2970: gcc -V >&5
gcc: error: unrecognized command line option '-V'
gcc: fatal error: no input files
compilation terminated.
configure:2981: $? = 1
configure:2970: gcc -qversion >&5
gcc: error: unrecognized command line option '-qversion'; did you mean '--version'?
gcc: fatal error: no input files
compilation terminated.
configure:2981: $? = 1
configure:3001: checking whether the C compiler works
configure:3023: gcc    conftest.c  >&5
configure:3027: $? = 0
configure:3075: result: yes
configure:3078: checking for C compiler default output file name
configure:3080: result: a.out
configure:3086: checking for suffix of executables
configure:3093: gcc -o conftest    conftest.c  >&5
configure:3097: $? = 0
configure:3119: result: 
configure:3141: checking whether we are cross compiling
configure:3149: gcc -o conftest    conftest.c  >&5
configure:3153: $? = 0
configure:3160: ./conftest
configure:3164: $? = 0
configure:3179: result: no
configure:3184: checking for suffix of object files
configure:3206: gcc -c   conftest.c >&5
configure:3210: $? = 0
configure:3231: result: o
configure:3235: checking whether we are using the GNU C compiler
configure:3254: gcc -c   conftest.c >&5
configure:3254: $? = 0
configure:3263: result: yes
configure:3272: checking whether gcc accepts -g
configure:3292: gcc -c -g  conftest.c >&5
configure:3292: $? = 0
configure:3333: result: yes
configure:3350: checking for gcc option to accept ISO C89
configure:3414: gcc  -c   conftest.c >&5
configure:3414: $? = 0
configure:3427: result: none needed
configure:3452: checking how to run the C preprocessor
configure:3483: gcc -E  conftest.c
configure:3483: $? = 0
configure:3497: gcc -E  conftest.c
conftest.c:9:10: fatal error: ac_nonexistent.h: No such file or directory
 #include <ac_nonexistent.h>
          ^~~~~~~~~~~~~~~~~~
compilation terminated.
configure:3497: $? = 1
configure: failed program was:
| /* confdefs.h */
| #define PACKAGE_NAME "mariatcl"
| #define PACKAGE_TARNAME "mariatcl"
| #define PACKAGE_VERSION "0.1"
| #define PACKAGE_STRING "mariatcl 0.1"
| #define PACKAGE_BUGREPORT ""
| #define PACKAGE_URL ""
| /* end confdefs.h.  */
| #include <ac_nonexistent.h>
configure:3522: result: gcc -E
configure:3542: gcc -E  conftest.c
configure:3542: $? = 0
configure:3556: gcc -E  conftest.c
conftest.c:9:10: fatal error: ac_nonexistent.h: No such file or directory
 #include <ac_nonexistent.h>
          ^~~~~~~~~~~~~~~~~~
compilation terminated.
configure:3556: $? = 1
configure: failed program was:
| /* confdefs.h */
| #define PACKAGE_NAME "mariatcl"
| #define PACKAGE_TARNAME "mariatcl"
| #define PACKAGE_VERSION "0.1"
| #define PACKAGE_STRING "mariatcl 0.1"
| #define PACKAGE_BUGREPORT ""
| #define PACKAGE_URL ""
| /* end confdefs.h.  */
| #include <ac_nonexistent.h>
configure:3591: checking whether make sets $(MAKE)
configure:3613: result: yes
configure:3670: checking for ranlib
configure:3686: found /usr/bin/ranlib
configure:3697: result: ranlib
configure:3729: checking for grep that handles long lines and -e
configure:3787: result: /usr/bin/grep
configure:3792: checking for egrep
configure:3854: result: /usr/bin/grep -E
configure:3859: checking for ANSI C header files
configure:3879: gcc -c   conftest.c >&5
configure:3879: $? = 0
configure:3952: gcc -o conftest    conftest.c  >&5
configure:3952: $? = 0
configure:3952: ./conftest
configure:3952: $? = 0
configure:3963: result: yes
configure:3976: checking for sys/types.h
configure:3976: gcc -c   conftest.c >&5
configure:3976: $? = 0
configure:3976: result: yes
configure:3976: checking for sys/stat.h
configure:3976: gcc -c   conftest.c >&5
configure:3976: $? = 0
configure:3976: result: yes
configure:3976: checking for stdlib.h
configure:3976: gcc -c   conftest.c >&5
configure:3976: $? = 0
configure:3976: result: yes
configure:3976: checking for string.h
configure:3976: gcc -c   conftest.c >&5
configure:3976: $? = 0
configure:3976: result: yes
configure:3976: checking for memory.h
configure:3976: gcc -c   conftest.c >&5
configure:3976: $? = 0
configure:3976: result: yes
configure:3976: checking for strings.h
configure:3976: gcc -c   conftest.c >&5
configure:3976: $? = 0
configure:3976: result: yes
configure:3976: checking for inttypes.h
configure:3976: gcc -c   conftest.c >&5
configure:3976: $? = 0
configure:3976: result: yes
configure:3976: checking for stdint.h
configure:3976: gcc -c   conftest.c >&5
configure:3976: $? = 0
configure:3976: result: yes
configure:3976: checking for unistd.h
configure:3976: gcc -c   conftest.c >&5
configure:3976: $? = 0
configure:3976: result: yes
configure:3998: checking if the compiler understands -pipe
configure:4013: gcc -pipe -c   conftest.c >&5
configure:4013: $? = 0
configure:4014: result: yes
configure:4028: checking whether byte ordering is bigendian
configure:4043: gcc -pipe -c   conftest.c >&5
conftest.c:20:9: error: unknown type name 'not'
         not a universal capable compiler
         ^~~
conftest.c:20:15: error: expected '=', ',', ';', 'asm' or '__attribute__' before 'universal'
         not a universal capable compiler
               ^~~~~~~~~
conftest.c:20:15: error: unknown type name 'universal'
configure:4043: $? = 1
configure: failed program was:
| /* confdefs.h */
| #define PACKAGE_NAME "mariatcl"
| #define PACKAGE_TARNAME "mariatcl"
| #define PACKAGE_VERSION "0.1"
| #define PACKAGE_STRING "mariatcl 0.1"
| #define PACKAGE_BUGREPORT ""
| #define PACKAGE_URL ""
| #define STDC_HEADERS 1
| #define HAVE_SYS_TYPES_H 1
| #define HAVE_SYS_STAT_H 1
| #define HAVE_STDLIB_H 1
| #define HAVE_STRING_H 1
| #define HAVE_MEMORY_H 1
| #define HAVE_STRINGS_H 1
| #define HAVE_INTTYPES_H 1
| #define HAVE_STDINT_H 1
| #define HAVE_UNISTD_H 1
| /* end confdefs.h.  */
| #ifndef __APPLE_CC__
| 	       not a universal capable compiler
| 	     #endif
| 	     typedef int dummy;
| 
configure:4088: gcc -pipe -c   conftest.c >&5
configure:4088: $? = 0
configure:4106: gcc -pipe -c   conftest.c >&5
conftest.c: In function 'main':
conftest.c:26:4: error: unknown type name 'not'; did you mean 'ino_t'?
    not big endian
    ^~~
    ino_t
conftest.c:26:12: error: expected '=', ',', ';', 'asm' or '__attribute__' before 'endian'
    not big endian
            ^~~~~~
configure:4106: $? = 1
configure: failed program was:
| /* confdefs.h */
| #define PACKAGE_NAME "mariatcl"
| #define PACKAGE_TARNAME "mariatcl"
| #define PACKAGE_VERSION "0.1"
| #define PACKAGE_STRING "mariatcl 0.1"
| #define PACKAGE_BUGREPORT ""
| #define PACKAGE_URL ""
| #define STDC_HEADERS 1
| #define HAVE_SYS_TYPES_H 1
| #define HAVE_SYS_STAT_H 1
| #define HAVE_STDLIB_H 1
| #define HAVE_STRING_H 1
| #define HAVE_MEMORY_H 1
| #define HAVE_STRINGS_H 1
| #define HAVE_INTTYPES_H 1
| #define HAVE_STDINT_H 1
| #define HAVE_UNISTD_H 1
| /* end confdefs.h.  */
| #include <sys/types.h>
| 		#include <sys/param.h>
| 
| int
| main ()
| {
| #if BYTE_ORDER != BIG_ENDIAN
| 		 not big endian
| 		#endif
| 
|   ;
|   return 0;
| }
configure:4234: result: no
configure:4261: checking for sin
configure:4261: gcc -pipe -o conftest    conftest.c  >&5
conftest.c:42:6: warning: conflicting types for built-in function 'sin' [-Wbuiltin-declaration-mismatch]
 char sin ();
      ^~~
/tmp/ccKuMOMd.o: In function `main':
conftest.c:(.text+0xa): undefined reference to `sin'
collect2: error: ld returned 1 exit status
configure:4261: $? = 1
configure: failed program was:
| /* confdefs.h */
| #define PACKAGE_NAME "mariatcl"
| #define PACKAGE_TARNAME "mariatcl"
| #define PACKAGE_VERSION "0.1"
| #define PACKAGE_STRING "mariatcl 0.1"
| #define PACKAGE_BUGREPORT ""
| #define PACKAGE_URL ""
| #define STDC_HEADERS 1
| #define HAVE_SYS_TYPES_H 1
| #define HAVE_SYS_STAT_H 1
| #define HAVE_STDLIB_H 1
| #define HAVE_STRING_H 1
| #define HAVE_MEMORY_H 1
| #define HAVE_STRINGS_H 1
| #define HAVE_INTTYPES_H 1
| #define HAVE_STDINT_H 1
| #define HAVE_UNISTD_H 1
| /* end confdefs.h.  */
| /* Define sin to an innocuous variant, in case <limits.h> declares sin.
|    For example, HP-UX 11i <limits.h> declares gettimeofday.  */
| #define sin innocuous_sin
| 
| /* System header to define __stub macros and hopefully few prototypes,
|     which can conflict with char sin (); below.
|     Prefer <limits.h> to <assert.h> if __STDC__ is defined, since
|     <limits.h> exists even on freestanding compilers.  */
| 
| #ifdef __STDC__
| # include <limits.h>
| #else
| # include <assert.h>
| #endif
| 
| #undef sin
| 
| /* Override any GCC internal prototype to avoid an error.
|    Use char because int might match the return type of a GCC
|    builtin and then its argument prototype would still apply.  */
| #ifdef __cplusplus
| extern "C"
| #endif
| char sin ();
| /* The GNU C library defines this for functions which it implements
|     to always fail with ENOSYS.  Some functions are actually named
|     something starting with __ and the normal name is an alias.  */
| #if defined __stub_sin || defined __stub___sin
| choke me
| #endif
| 
| int
| main ()
| {
| return sin ();
|   ;
|   return 0;
| }
configure:4261: result: no
configure:4268: checking for main in -lieee
configure:4287: gcc -pipe -o conftest    conftest.c -lieee   >&5
/usr/bin/ld: cannot find -lieee
collect2: error: ld returned 1 exit status
configure:4287: $? = 1
configure: failed program was:
| /* confdefs.h */
| #define PACKAGE_NAME "mariatcl"
| #define PACKAGE_TARNAME "mariatcl"
| #define PACKAGE_VERSION "0.1"
| #define PACKAGE_STRING "mariatcl 0.1"
| #define PACKAGE_BUGREPORT ""
| #define PACKAGE_URL ""
| #define STDC_HEADERS 1
| #define HAVE_SYS_TYPES_H 1
| #define HAVE_SYS_STAT_H 1
| #define HAVE_STDLIB_H 1
| #define HAVE_STRING_H 1
| #define HAVE_MEMORY_H 1
| #define HAVE_STRINGS_H 1
| #define HAVE_INTTYPES_H 1
| #define HAVE_STDINT_H 1
| #define HAVE_UNISTD_H 1
| /* end confdefs.h.  */
| 
| 
| int
| main ()
| {
| return main ();
|   ;
|   return 0;
| }
configure:4296: result: no
configure:4308: checking for main in -linet
configure:4327: gcc -pipe -o conftest    conftest.c -linet   >&5
/usr/bin/ld: cannot find -linet
collect2: error: ld returned 1 exit status
configure:4327: $? = 1
configure: failed program was:
| /* confdefs.h */
| #define PACKAGE_NAME "mariatcl"
| #define PACKAGE_TARNAME "mariatcl"
| #define PACKAGE_VERSION "0.1"
| #define PACKAGE_STRING "mariatcl 0.1"
| #define PACKAGE_BUGREPORT ""
| #define PACKAGE_URL ""
| #define STDC_HEADERS 1
| #define HAVE_SYS_TYPES_H 1
| #define HAVE_SYS_STAT_H 1
| #define HAVE_STDLIB_H 1
| #define HAVE_STRING_H 1
| #define HAVE_MEMORY_H 1
| #define HAVE_STRINGS_H 1
| #define HAVE_INTTYPES_H 1
| #define HAVE_STDINT_H 1
| #define HAVE_UNISTD_H 1
| /* end confdefs.h.  */
| 
| 
| int
| main ()
| {
| return main ();
|   ;
|   return 0;
| }
configure:4336: result: no
configure:4342: checking net/errno.h usability
configure:4342: gcc -pipe -c   conftest.c >&5
conftest.c:52:10: fatal error: net/errno.h: No such file or directory
 #include <net/errno.h>
          ^~~~~~~~~~~~~
compilation terminated.
configure:4342: $? = 1
configure: failed program was:
| /* confdefs.h */
| #define PACKAGE_NAME "mariatcl"
| #define PACKAGE_TARNAME "mariatcl"
| #define PACKAGE_VERSION "0.1"
| #define PACKAGE_STRING "mariatcl 0.1"
| #define PACKAGE_BUGREPORT ""
| #define PACKAGE_URL ""
| #define STDC_HEADERS 1
| #define HAVE_SYS_TYPES_H 1
| #define HAVE_SYS_STAT_H 1
| #define HAVE_STDLIB_H 1
| #define HAVE_STRING_H 1
| #define HAVE_MEMORY_H 1
| #define HAVE_STRINGS_H 1
| #define HAVE_INTTYPES_H 1
| #define HAVE_STDINT_H 1
| #define HAVE_UNISTD_H 1
| /* end confdefs.h.  */
| #include <stdio.h>
| #ifdef HAVE_SYS_TYPES_H
| # include <sys/types.h>
| #endif
| #ifdef HAVE_SYS_STAT_H
| # include <sys/stat.h>
| #endif
| #ifdef STDC_HEADERS
| # include <stdlib.h>
| # include <stddef.h>
| #else
| # ifdef HAVE_STDLIB_H
| #  include <stdlib.h>
| # endif
| #endif
| #ifdef HAVE_STRING_H
| # if !defined STDC_HEADERS && defined HAVE_MEMORY_H
| #  include <memory.h>
| # endif
| # include <string.h>
| #endif
| #ifdef HAVE_STRINGS_H
| # include <strings.h>
| #endif
| #ifdef HAVE_INTTYPES_H
| # include <inttypes.h>
| #endif
| #ifdef HAVE_STDINT_H
| # include <stdint.h>
| #endif
| #ifdef HAVE_UNISTD_H
| # include <unistd.h>
| #endif
| #include <net/errno.h>
configure:4342: result: no
configure:4342: checking net/errno.h presence
configure:4342: gcc -E  conftest.c
conftest.c:19:10: fatal error: net/errno.h: No such file or directory
 #include <net/errno.h>
          ^~~~~~~~~~~~~
compilation terminated.
configure:4342: $? = 1
configure: failed program was:
| /* confdefs.h */
| #define PACKAGE_NAME "mariatcl"
| #define PACKAGE_TARNAME "mariatcl"
| #define PACKAGE_VERSION "0.1"
| #define PACKAGE_STRING "mariatcl 0.1"
| #define PACKAGE_BUGREPORT ""
| #define PACKAGE_URL ""
| #define STDC_HEADERS 1
| #define HAVE_SYS_TYPES_H 1
| #define HAVE_SYS_STAT_H 1
| #define HAVE_STDLIB_H 1
| #define HAVE_STRING_H 1
| #define HAVE_MEMORY_H 1
| #define HAVE_STRINGS_H 1
| #define HAVE_INTTYPES_H 1
| #define HAVE_STDINT_H 1
| #define HAVE_UNISTD_H 1
| /* end confdefs.h.  */
| #include <net/errno.h>
configure:4342: result: no
configure:4342: checking for net/errno.h
configure:4342: result: no
configure:4371: checking for connect
configure:4371: gcc -pipe -o conftest    conftest.c  >&5
configure:4371: $? = 0
configure:4371: result: yes
configure:4439: checking for gethostbyname
configure:4439: gcc -pipe -o conftest    conftest.c  >&5
configure:4439: $? = 0
configure:4439: result: yes
configure:4494: checking dirent.h
configure:4529: gcc -pipe -o conftest    conftest.c  >&5
configure:4529: $? = 0
configure:4537: result: yes
configure:4546: checking errno.h usability
configure:4546: gcc -pipe -c   conftest.c >&5
configure:4546: $? = 0
configure:4546: result: yes
configure:4546: checking errno.h presence
configure:4546: gcc -E  conftest.c
configure:4546: $? = 0
configure:4546: result: yes
configure:4546: checking for errno.h
configure:4546: result: yes
configure:4556: checking float.h usability
configure:4556: gcc -pipe -c   conftest.c >&5
configure:4556: $? = 0
configure:4556: result: yes
configure:4556: checking float.h presence
configure:4556: gcc -E  conftest.c
configure:4556: $? = 0
configure:4556: result: yes
configure:4556: checking for float.h
configure:4556: result: yes
configure:4566: checking values.h usability
configure:4566: gcc -pipe -c   conftest.c >&5
configure:4566: $? = 0
configure:4566: result: yes
configure:4566: checking values.h presence
configure:4566: gcc -E  conftest.c
configure:4566: $? = 0
configure:4566: result: yes
configure:4566: checking for values.h
configure:4566: result: yes
configure:4576: checking limits.h usability
configure:4576: gcc -pipe -c   conftest.c >&5
configure:4576: $? = 0
configure:4576: result: yes
configure:4576: checking limits.h presence
configure:4576: gcc -E  conftest.c
configure:4576: $? = 0
configure:4576: result: yes
configure:4576: checking for limits.h
configure:4576: result: yes
configure:4588: checking for stdlib.h
configure:4588: result: yes
configure:4640: checking for string.h
configure:4640: result: yes
configure:4684: checking sys/wait.h usability
configure:4684: gcc -pipe -c   conftest.c >&5
configure:4684: $? = 0
configure:4684: result: yes
configure:4684: checking sys/wait.h presence
configure:4684: gcc -E  conftest.c
configure:4684: $? = 0
configure:4684: result: yes
configure:4684: checking for sys/wait.h
configure:4684: result: yes
configure:4694: checking dlfcn.h usability
configure:4694: gcc -pipe -c   conftest.c >&5
configure:4694: $? = 0
configure:4694: result: yes
configure:4694: checking dlfcn.h presence
configure:4694: gcc -E  conftest.c
configure:4694: $? = 0
configure:4694: result: yes
configure:4694: checking for dlfcn.h
configure:4694: result: yes
configure:4708: checking sys/param.h usability
configure:4708: gcc -pipe -c   conftest.c >&5
configure:4708: $? = 0
configure:4708: result: yes
configure:4708: checking sys/param.h presence
configure:4708: gcc -E  conftest.c
configure:4708: $? = 0
configure:4708: result: yes
configure:4708: checking for sys/param.h
configure:4708: result: yes
configure:4874: checking for Tcl public headers
configure:4944: result: /opt/HammerDB-4.0/include
configure:5005: checking for pthread_mutex_init in -lpthread
configure:5030: gcc -pipe -o conftest    conftest.c -lpthread   >&5
configure:5030: $? = 0
configure:5039: result: yes
configure:5248: checking for building with threads
configure:5254: result: yes (default)
configure:5295: checking how to build libraries
configure:5313: result: shared
configure:5338: checking if 64bit support is requested
configure:5347: result: no
configure:5352: checking if 64bit Sparc VIS support is requested
configure:5361: result: no
configure:5389: checking system version
configure:5419: result: Linux-4.18.0-240.10.1.el8_3.x86_64
configure:5427: checking for dlopen in -ldl
configure:5452: gcc -pipe -o conftest    conftest.c -ldl   >&5
configure:5452: $? = 0
configure:5461: result: yes
configure:5502: checking for ar
configure:5518: found /usr/bin/ar
configure:5529: result: ar
configure:6921: checking for required early compiler flags
configure:6939: gcc -pipe -c   conftest.c >&5
configure:6939: $? = 0
configure:6986: gcc -pipe -c   conftest.c >&5
conftest.c: In function 'main':
conftest.c:29:15: error: storage size of 'buf' isn't known
 struct stat64 buf; int i = stat64("/", &buf);
               ^~~
conftest.c:29:28: warning: implicit declaration of function 'stat64'; did you mean 'stat'? [-Wimplicit-function-declaration]
 struct stat64 buf; int i = stat64("/", &buf);
                            ^~~~~~
                            stat
configure:6986: $? = 1
configure: failed program was:
| /* confdefs.h */
| #define PACKAGE_NAME "mariatcl"
| #define PACKAGE_TARNAME "mariatcl"
| #define PACKAGE_VERSION "0.1"
| #define PACKAGE_STRING "mariatcl 0.1"
| #define PACKAGE_BUGREPORT ""
| #define PACKAGE_URL ""
| #define STDC_HEADERS 1
| #define HAVE_SYS_TYPES_H 1
| #define HAVE_SYS_STAT_H 1
| #define HAVE_STDLIB_H 1
| #define HAVE_STRING_H 1
| #define HAVE_MEMORY_H 1
| #define HAVE_STRINGS_H 1
| #define HAVE_INTTYPES_H 1
| #define HAVE_STDINT_H 1
| #define HAVE_UNISTD_H 1
| #define HAVE_LIMITS_H 1
| #define HAVE_SYS_PARAM_H 1
| #define USE_THREAD_ALLOC 1
| #define _REENTRANT 1
| #define _THREAD_SAFE 1
| #define TCL_THREADS 1
| /* end confdefs.h.  */
| #include <sys/stat.h>
| int
| main ()
| {
| struct stat64 buf; int i = stat64("/", &buf);
|   ;
|   return 0;
| }
configure:7001: gcc -pipe -c   conftest.c >&5
configure:7001: $? = 0
configure:7033: gcc -pipe -c   conftest.c >&5
conftest.c: In function 'main':
conftest.c:30:19: error: 'open64' undeclared (first use in this function)
 char *p = (char *)open64;
                   ^~~~~~
conftest.c:30:19: note: each undeclared identifier is reported only once for each function it appears in
configure:7033: $? = 1
configure: failed program was:
| /* confdefs.h */
| #define PACKAGE_NAME "mariatcl"
| #define PACKAGE_TARNAME "mariatcl"
| #define PACKAGE_VERSION "0.1"
| #define PACKAGE_STRING "mariatcl 0.1"
| #define PACKAGE_BUGREPORT ""
| #define PACKAGE_URL ""
| #define STDC_HEADERS 1
| #define HAVE_SYS_TYPES_H 1
| #define HAVE_SYS_STAT_H 1
| #define HAVE_STDLIB_H 1
| #define HAVE_STRING_H 1
| #define HAVE_MEMORY_H 1
| #define HAVE_STRINGS_H 1
| #define HAVE_INTTYPES_H 1
| #define HAVE_STDINT_H 1
| #define HAVE_UNISTD_H 1
| #define HAVE_LIMITS_H 1
| #define HAVE_SYS_PARAM_H 1
| #define USE_THREAD_ALLOC 1
| #define _REENTRANT 1
| #define _THREAD_SAFE 1
| #define TCL_THREADS 1
| #define _LARGEFILE64_SOURCE 1
| /* end confdefs.h.  */
| #include <sys/stat.h>
| int
| main ()
| {
| char *p = (char *)open64;
|   ;
|   return 0;
| }
configure:7048: gcc -pipe -c   conftest.c >&5
conftest.c: In function 'main':
conftest.c:31:19: error: 'open64' undeclared (first use in this function)
 char *p = (char *)open64;
                   ^~~~~~
conftest.c:31:19: note: each undeclared identifier is reported only once for each function it appears in
configure:7048: $? = 1
configure: failed program was:
| /* confdefs.h */
| #define PACKAGE_NAME "mariatcl"
| #define PACKAGE_TARNAME "mariatcl"
| #define PACKAGE_VERSION "0.1"
| #define PACKAGE_STRING "mariatcl 0.1"
| #define PACKAGE_BUGREPORT ""
| #define PACKAGE_URL ""
| #define STDC_HEADERS 1
| #define HAVE_SYS_TYPES_H 1
| #define HAVE_SYS_STAT_H 1
| #define HAVE_STDLIB_H 1
| #define HAVE_STRING_H 1
| #define HAVE_MEMORY_H 1
| #define HAVE_STRINGS_H 1
| #define HAVE_INTTYPES_H 1
| #define HAVE_STDINT_H 1
| #define HAVE_UNISTD_H 1
| #define HAVE_LIMITS_H 1
| #define HAVE_SYS_PARAM_H 1
| #define USE_THREAD_ALLOC 1
| #define _REENTRANT 1
| #define _THREAD_SAFE 1
| #define TCL_THREADS 1
| #define _LARGEFILE64_SOURCE 1
| /* end confdefs.h.  */
| #define _LARGEFILE_SOURCE64 1
| #include <sys/stat.h>
| int
| main ()
| {
| char *p = (char *)open64;
|   ;
|   return 0;
| }
configure:7069: result:  _LARGEFILE64_SOURCE
configure:7074: checking for 64-bit integer type
configure:7093: gcc -pipe -c   conftest.c >&5
conftest.c: In function 'main':
conftest.c:30:1: error: unknown type name '__int64'; did you mean '__int128'?
 __int64 value = (__int64) 0;
 ^~~~~~~
 __int128
conftest.c:30:18: error: '__int64' undeclared (first use in this function); did you mean '__int128'?
 __int64 value = (__int64) 0;
                  ^~~~~~~
                  __int128
conftest.c:30:18: note: each undeclared identifier is reported only once for each function it appears in
conftest.c:30:27: error: expected ',' or ';' before numeric constant
 __int64 value = (__int64) 0;
                           ^
configure:7093: $? = 1
configure: failed program was:
| /* confdefs.h */
| #define PACKAGE_NAME "mariatcl"
| #define PACKAGE_TARNAME "mariatcl"
| #define PACKAGE_VERSION "0.1"
| #define PACKAGE_STRING "mariatcl 0.1"
| #define PACKAGE_BUGREPORT ""
| #define PACKAGE_URL ""
| #define STDC_HEADERS 1
| #define HAVE_SYS_TYPES_H 1
| #define HAVE_SYS_STAT_H 1
| #define HAVE_STDLIB_H 1
| #define HAVE_STRING_H 1
| #define HAVE_MEMORY_H 1
| #define HAVE_STRINGS_H 1
| #define HAVE_INTTYPES_H 1
| #define HAVE_STDINT_H 1
| #define HAVE_UNISTD_H 1
| #define HAVE_LIMITS_H 1
| #define HAVE_SYS_PARAM_H 1
| #define USE_THREAD_ALLOC 1
| #define _REENTRANT 1
| #define _THREAD_SAFE 1
| #define TCL_THREADS 1
| #define _LARGEFILE64_SOURCE 1
| /* end confdefs.h.  */
| 
| int
| main ()
| {
| __int64 value = (__int64) 0;
|   ;
|   return 0;
| }
configure:7115: gcc -pipe -c   conftest.c >&5
conftest.c: In function 'main':
conftest.c:31:21: error: duplicate case value
             case 1: case (sizeof(long long)==sizeof(long)): ;
                     ^~~~
conftest.c:31:13: note: previously used here
             case 1: case (sizeof(long long)==sizeof(long)): ;
             ^~~~
configure:7115: $? = 1
configure: failed program was:
| /* confdefs.h */
| #define PACKAGE_NAME "mariatcl"
| #define PACKAGE_TARNAME "mariatcl"
| #define PACKAGE_VERSION "0.1"
| #define PACKAGE_STRING "mariatcl 0.1"
| #define PACKAGE_BUGREPORT ""
| #define PACKAGE_URL ""
| #define STDC_HEADERS 1
| #define HAVE_SYS_TYPES_H 1
| #define HAVE_SYS_STAT_H 1
| #define HAVE_STDLIB_H 1
| #define HAVE_STRING_H 1
| #define HAVE_MEMORY_H 1
| #define HAVE_STRINGS_H 1
| #define HAVE_INTTYPES_H 1
| #define HAVE_STDINT_H 1
| #define HAVE_UNISTD_H 1
| #define HAVE_LIMITS_H 1
| #define HAVE_SYS_PARAM_H 1
| #define USE_THREAD_ALLOC 1
| #define _REENTRANT 1
| #define _THREAD_SAFE 1
| #define TCL_THREADS 1
| #define _LARGEFILE64_SOURCE 1
| /* end confdefs.h.  */
| 
| int
| main ()
| {
| switch (0) {
|             case 1: case (sizeof(long long)==sizeof(long)): ;
|         }
|   ;
|   return 0;
| }
configure:7125: result: using long
configure:7269: checking for build with symbols
configure:7282: result: no
configure:7450: checking for mysql header
configure:7455: result: yes
configure:7457: checking for libmysqlclient lib
configure:7468: result: yes
configure:7480: checking for tclsh
configure:7507: result: /opt/HammerDB-4.0/bin/tclsh8.6
configure:7672: creating ./config.status

## ---------------------- ##
## Running config.status. ##
## ---------------------- ##

This file was extended by mariatcl config.status 0.1, which was
generated by GNU Autoconf 2.68.  Invocation command line was

  CONFIG_FILES    = 
  CONFIG_HEADERS  = 
  CONFIG_LINKS    = 
  CONFIG_COMMANDS = 
  $ ./config.status 

on clx16

config.status:810: creating Makefile
config.status:913: WARNING:  'Makefile.in' seems to ignore the --datarootdir setting
config.status:810: creating pkgIndex.tcl

## ---------------- ##
## Cache variables. ##
## ---------------- ##

ac_cv_c_bigendian=no
ac_cv_c_compiler_gnu=yes
ac_cv_c_tclconfig=/opt/HammerDB-4.0/lib
ac_cv_c_tclh=/opt/HammerDB-4.0/include
ac_cv_env_CC_set=
ac_cv_env_CC_value=
ac_cv_env_CFLAGS_set=
ac_cv_env_CFLAGS_value=
ac_cv_env_CPPFLAGS_set=
ac_cv_env_CPPFLAGS_value=
ac_cv_env_CPP_set=
ac_cv_env_CPP_value=
ac_cv_env_LDFLAGS_set=
ac_cv_env_LDFLAGS_value=
ac_cv_env_LIBS_set=
ac_cv_env_LIBS_value=
ac_cv_env_build_alias_set=
ac_cv_env_build_alias_value=
ac_cv_env_host_alias_set=
ac_cv_env_host_alias_value=
ac_cv_env_target_alias_set=
ac_cv_env_target_alias_value=
ac_cv_func_connect=yes
ac_cv_func_gethostbyname=yes
ac_cv_func_sin=no
ac_cv_header_dlfcn_h=yes
ac_cv_header_errno_h=yes
ac_cv_header_float_h=yes
ac_cv_header_inttypes_h=yes
ac_cv_header_limits_h=yes
ac_cv_header_memory_h=yes
ac_cv_header_net_errno_h=no
ac_cv_header_stdc=yes
ac_cv_header_stdint_h=yes
ac_cv_header_stdlib_h=yes
ac_cv_header_string_h=yes
ac_cv_header_strings_h=yes
ac_cv_header_sys_param_h=yes
ac_cv_header_sys_stat_h=yes
ac_cv_header_sys_types_h=yes
ac_cv_header_sys_wait_h=yes
ac_cv_header_unistd_h=yes
ac_cv_header_values_h=yes
ac_cv_lib_dl_dlopen=yes
ac_cv_lib_ieee_main=no
ac_cv_lib_inet_main=no
ac_cv_lib_pthread_pthread_mutex_init=yes
ac_cv_objext=o
ac_cv_path_EGREP='/usr/bin/grep -E'
ac_cv_path_GREP=/usr/bin/grep
ac_cv_path_install='/usr/bin/install -c'
ac_cv_prog_AR=ar
ac_cv_prog_CPP='gcc -E'
ac_cv_prog_ac_ct_CC=gcc
ac_cv_prog_ac_ct_RANLIB=ranlib
ac_cv_prog_cc_c89=
ac_cv_prog_cc_g=yes
ac_cv_prog_make_make_set=yes
tcl_cv_dirent_h=yes
tcl_cv_flag__isoc99_source=no
tcl_cv_flag__largefile64_source=yes
tcl_cv_flag__largefile_source64=no
tcl_cv_sys_version=Linux-4.18.0-240.10.1.el8_3.x86_64
tcl_cv_type_64bit=none

## ----------------- ##
## Output variables. ##
## ----------------- ##

AR='ar'
CC='gcc -pipe'
CELIB_DIR=''
CFLAGS=' ${CFLAGS_DEFAULT} ${CFLAGS_WARNING} ${SHLIB_CFLAGS}'
CFLAGS_DEBUG='-g'
CFLAGS_DEFAULT='-O2 -fomit-frame-pointer'
CFLAGS_OPTIMIZE='-O2 -fomit-frame-pointer'
CFLAGS_WARNING='-Wall -Wno-implicit-int'
CLEANFILES='pkgIndex.tcl'
CPP='gcc -E'
CPPFLAGS=''
CYGPATH='echo'
DEFS='-DPACKAGE_NAME=\"mariatcl\" -DPACKAGE_TARNAME=\"mariatcl\" -DPACKAGE_VERSION=\"0.1\" -DPACKAGE_STRING=\"mariatcl\ 0.1\" -DPACKAGE_BUGREPORT=\"\" -DPACKAGE_URL=\"\" -DSTDC_HEADERS=1 -DHAVE_SYS_TYPES_H=1 -DHAVE_SYS_STAT_H=1 -DHAVE_STDLIB_H=1 -DHAVE_STRING_H=1 -DHAVE_MEMORY_H=1 -DHAVE_STRINGS_H=1 -DHAVE_INTTYPES_H=1 -DHAVE_STDINT_H=1 -DHAVE_UNISTD_H=1 -DHAVE_LIMITS_H=1 -DHAVE_SYS_PARAM_H=1 -DUSE_THREAD_ALLOC=1 -D_REENTRANT=1 -D_THREAD_SAFE=1 -DTCL_THREADS=1 -D_LARGEFILE64_SOURCE=1 -DTCL_WIDE_INT_IS_LONG=1 -DUSE_TCL_STUBS=1'
DL_LIBS='-ldl'
ECHO_C=''
ECHO_N='-n'
ECHO_T=''
EGREP='/usr/bin/grep -E'
EXEEXT=''
GREP='/usr/bin/grep'
INSTALL_DATA='${INSTALL} -m 644'
INSTALL_PROGRAM='${INSTALL}'
INSTALL_SCRIPT='${INSTALL}'
LDFLAGS=' -Wl,--export-dynamic '
LDFLAGS_DEFAULT=' -Wl,--export-dynamic '
LD_LIBRARY_PATH_VAR='LD_LIBRARY_PATH'
LIBMYSQL='libmysqclient.so'
LIBOBJS=''
LIBS=''
LTLIBOBJS=''
MAKE_LIB='${SHLIB_LD} -o $@ $(PKG_OBJECTS) ${SHLIB_LD_LIBS} '
MAKE_SHARED_LIB='${SHLIB_LD} -o $@ $(PKG_OBJECTS) ${SHLIB_LD_LIBS}'
MAKE_STATIC_LIB='${STLIB_LD} $@ $(PKG_OBJECTS)'
MAKE_STUB_LIB='${STLIB_LD} $@ $(PKG_STUB_OBJECTS)'
MATH_LIBS='-lm'
MYSQL_INCLUDES='-I/usr/include/mysql'
MYSQL_LIBS='-L/usr/lib64 -lmysqlclient'
MYSQL_LIB_DIR='/usr/lib64'
OBJEXT='o'
PACKAGE_BUGREPORT=''
PACKAGE_NAME='mariatcl'
PACKAGE_STRING='mariatcl 0.1'
PACKAGE_TARNAME='mariatcl'
PACKAGE_URL=''
PACKAGE_VERSION='0.1'
PATH_SEPARATOR=':'
PKG_CFLAGS=' '
PKG_HEADERS=''
PKG_INCLUDES=''
PKG_LIBS=''
PKG_LIB_FILE='libmariatcl0.1.so'
PKG_OBJECTS=' mariatcl.o'
PKG_SOURCES=' mariatcl.c'
PKG_STUB_LIB_FILE='libmariatclstub0.1.a'
PKG_STUB_OBJECTS=''
PKG_STUB_SOURCES=''
PKG_TCL_SOURCES=''
RANLIB=':'
RANLIB_STUB='ranlib'
SET_MAKE=''
SHARED_BUILD='1'
SHELL='/bin/sh'
SHLIB_CFLAGS='-fPIC'
SHLIB_LD='gcc -pipe -shared'
SHLIB_LD_LIBS='${LIBS} -L/home/steve/V3TCLSOURCE/LINUXX64/hdbpacklinux_v6/tcl/lib -ltclstub8.6'
STLIB_LD='${AR} cr'
TCLSH_PROG='/opt/HammerDB-4.0/bin/tclsh8.6'
TCL_BIN_DIR='/opt/HammerDB-4.0/lib'
TCL_DBGX=''
TCL_DEFS='-DPACKAGE_NAME=\"tcl\" -DPACKAGE_TARNAME=\"tcl\" -DPACKAGE_VERSION=\"8.6\" -DPACKAGE_STRING=\"tcl\ 8.6\" -DPACKAGE_BUGREPORT=\"\" -DSTDC_HEADERS=1 -DHAVE_SYS_TYPES_H=1 -DHAVE_SYS_STAT_H=1 -DHAVE_STDLIB_H=1 -DHAVE_STRING_H=1 -DHAVE_MEMORY_H=1 -DHAVE_STRINGS_H=1 -DHAVE_INTTYPES_H=1 -DHAVE_STDINT_H=1 -DHAVE_UNISTD_H=1 -DHAVE_SYS_PARAM_H=1 -DUSE_THREAD_ALLOC=1 -D_REENTRANT=1 -D_THREAD_SAFE=1 -DHAVE_PTHREAD_ATTR_SETSTACKSIZE=1 -DHAVE_PTHREAD_ATFORK=1 -DTCL_THREADS=1 -DTCL_CFGVAL_ENCODING=\"iso8859-1\" -DHAVE_ZLIB=1 -DMODULE_SCOPE=extern\ __attribute__\(\(__visibility__\(\"hidden\"\)\)\) -DHAVE_HIDDEN=1 -DHAVE_CAST_TO_UNION=1 -DTCL_SHLIB_EXT=\".so\" -DNDEBUG=1 -DTCL_CFG_OPTIMIZED=1 -DTCL_TOMMATH=1 -DMP_PREC=4 -D_LARGEFILE64_SOURCE=1 -DTCL_WIDE_INT_IS_LONG=1 -DHAVE_GETCWD=1 -DHAVE_MKSTEMP=1 -DHAVE_OPENDIR=1 -DHAVE_STRTOL=1 -DHAVE_WAITPID=1 -DHAVE_GETNAMEINFO=1 -DHAVE_GETADDRINFO=1 -DHAVE_FREEADDRINFO=1 -DHAVE_GAI_STRERROR=1 -DHAVE_STRUCT_ADDRINFO=1 -DHAVE_STRUCT_IN6_ADDR=1 -DHAVE_STRUCT_SOCKADDR_IN6=1 -DHAVE_STRUCT_SOCKADDR_STORAGE=1 -DHAVE_GETPWUID_R_5=1 -DHAVE_GETPWUID_R=1 -DHAVE_GETPWNAM_R_5=1 -DHAVE_GETPWNAM_R=1 -DHAVE_GETGRGID_R_5=1 -DHAVE_GETGRGID_R=1 -DHAVE_GETGRNAM_R_5=1 -DHAVE_GETGRNAM_R=1 -DHAVE_DECL_GETHOSTBYNAME_R=1 -DHAVE_GETHOSTBYNAME_R_6=1 -DHAVE_GETHOSTBYNAME_R=1 -DHAVE_DECL_GETHOSTBYADDR_R=1 -DHAVE_GETHOSTBYADDR_R_8=1 -DHAVE_GETHOSTBYADDR_R=1 -DHAVE_TERMIOS_H=1 -DHAVE_SYS_IOCTL_H=1 -DHAVE_SYS_TIME_H=1 -DTIME_WITH_SYS_TIME=1 -DHAVE_GMTIME_R=1 -DHAVE_LOCALTIME_R=1 -DHAVE_MKTIME=1 -DHAVE_TM_GMTOFF=1 -DHAVE_TIMEZONE_VAR=1 -DHAVE_STRUCT_STAT_ST_BLOCKS=1 -DHAVE_STRUCT_STAT_ST_BLKSIZE=1 -DHAVE_BLKCNT_T=1 -DHAVE_INTPTR_T=1 -DHAVE_UINTPTR_T=1 -DNO_UNION_WAIT=1 -DHAVE_SIGNED_CHAR=1 -DHAVE_LANGINFO=1 -DHAVE_MKSTEMPS=1 -DHAVE_FTS=1 -DHAVE_SYS_IOCTL_H=1 -DTCL_UNLOAD_DLLS=1 -DHAVE_CPUID=1 '
TCL_EXTRA_CFLAGS=' -pipe '
TCL_INCLUDES='-I"/opt/HammerDB-4.0/include"'
TCL_LD_FLAGS=' -Wl,--export-dynamic '
TCL_LIBS='${DL_LIBS} ${LIBS} ${MATH_LIBS}'
TCL_LIB_FILE='libtcl8.6.so'
TCL_LIB_FLAG='-ltcl8.6'
TCL_LIB_SPEC='-L/home/steve/V3TCLSOURCE/LINUXX64/hdbpacklinux_v6/tcl/lib -ltcl8.6'
TCL_SHLIB_LD_LIBS='${LIBS}'
TCL_SRC_DIR='/home/steve/V3TCLSOURCE/LINUXX64/hdbpacklinux_v6/tcl8.6.10'
TCL_STUB_LIB_FILE='libtclstub8.6.a'
TCL_STUB_LIB_FLAG='-ltclstub8.6'
TCL_STUB_LIB_SPEC='-L/home/steve/V3TCLSOURCE/LINUXX64/hdbpacklinux_v6/tcl/lib -ltclstub8.6'
TCL_THREADS='1'
TCL_VERSION='8.6'
ac_ct_CC='gcc'
bindir='${exec_prefix}/bin'
build_alias=''
datadir='${datarootdir}'
datarootdir='${prefix}/share'
docdir='${datarootdir}/doc/${PACKAGE_TARNAME}'
dvidir='${docdir}'
exec_prefix='/home/steve/V3TCLSOURCE/LINUXX64/hdbpacklinux_v6/tcl'
host_alias=''
htmldir='${docdir}'
includedir='${prefix}/include'
infodir='${datarootdir}/info'
libdir='${exec_prefix}/lib'
libexecdir='${exec_prefix}/libexec'
localedir='${datarootdir}/locale'
localstatedir='${prefix}/var'
mandir='${datarootdir}/man'
oldincludedir='/usr/include'
pdfdir='${docdir}'
prefix='/home/steve/V3TCLSOURCE/LINUXX64/hdbpacklinux_v6/tcl'
program_transform_name='s,x,x,'
psdir='${docdir}'
sbindir='${exec_prefix}/sbin'
sharedstatedir='${prefix}/com'
sysconfdir='${prefix}/etc'
target_alias=''

## ----------- ##
## confdefs.h. ##
## ----------- ##

/* confdefs.h */
#define PACKAGE_NAME "mariatcl"
#define PACKAGE_TARNAME "mariatcl"
#define PACKAGE_VERSION "0.1"
#define PACKAGE_STRING "mariatcl 0.1"
#define PACKAGE_BUGREPORT ""
#define PACKAGE_URL ""
#define STDC_HEADERS 1
#define HAVE_SYS_TYPES_H 1
#define HAVE_SYS_STAT_H 1
#define HAVE_STDLIB_H 1
#define HAVE_STRING_H 1
#define HAVE_MEMORY_H 1
#define HAVE_STRINGS_H 1
#define HAVE_INTTYPES_H 1
#define HAVE_STDINT_H 1
#define HAVE_UNISTD_H 1
#define HAVE_LIMITS_H 1
#define HAVE_SYS_PARAM_H 1
#define USE_THREAD_ALLOC 1
#define _REENTRANT 1
#define _THREAD_SAFE 1
#define TCL_THREADS 1
#define _LARGEFILE64_SOURCE 1
#define TCL_WIDE_INT_IS_LONG 1
#define USE_TCL_STUBS 1

configure: exit 0
